Build started 29/04/2013 15:05:52.
     1>Project "F:\Slps\Github\samples\Sp.Samples.Consume\build.proj" on node 1 (Build target(s)).
     1>Building with tools version "4.0".
     1>Target "Build" in project "F:\Slps\Github\samples\Sp.Samples.Consume\build.proj" (entry point):
       Using "MSBuild" task from assembly "Microsoft.Build.Tasks.v4.0, Version=4.0.0.0, Culture=neutral, PublicKeyToken=b03f5f7f11d50a3a".
       Task "MSBuild"
     1>Project "F:\Slps\Github\samples\Sp.Samples.Consume\build.proj" (1) is building "F:\Slps\Github\samples\Sp.Samples.Consume\Sp.Samples.Consume.sln" (2) on node 1 (Build target(s)).
     2>Building with tools version "2.0".
     2>Target "ValidateSolutionConfiguration" in file "F:\Slps\Github\samples\Sp.Samples.Consume\Sp.Samples.Consume.sln.metaproj" from project "F:\Slps\Github\samples\Sp.Samples.Consume\Sp.Samples.Consume.sln" (entry point):
       Task "Error" skipped, due to false condition; (('$(CurrentSolutionConfigurationContents)' == '') and ('$(SkipInvalidConfigurations)' != 'true')) was evaluated as (('<SolutionConfiguration>
         <ProjectConfiguration Project="{BD0C0096-F9AA-461D-A87B-982DCD7CBB0F}" AbsolutePath="F:\Slps\Github\samples\Sp.Samples.Consume\Sp.Samples.Consume.CustomerSync\Sp.Samples.Consume.CustomerSync.csproj" BuildProjectInSolution="True">Debug|AnyCPU</ProjectConfiguration>
       </SolutionConfiguration>' == '') and ('' != 'true')).
       Task "Warning" skipped, due to false condition; (('$(CurrentSolutionConfigurationContents)' == '') and ('$(SkipInvalidConfigurations)' == 'true')) was evaluated as (('<SolutionConfiguration>
         <ProjectConfiguration Project="{BD0C0096-F9AA-461D-A87B-982DCD7CBB0F}" AbsolutePath="F:\Slps\Github\samples\Sp.Samples.Consume\Sp.Samples.Consume.CustomerSync\Sp.Samples.Consume.CustomerSync.csproj" BuildProjectInSolution="True">Debug|AnyCPU</ProjectConfiguration>
       </SolutionConfiguration>' == '') and ('' == 'true')).
       Using "Message" task from assembly "Microsoft.Build.Tasks.v4.0, Version=4.0.0.0, Culture=neutral, PublicKeyToken=b03f5f7f11d50a3a".
       Task "Message"
         Building solution configuration "Debug|Any CPU".
       Done executing task "Message".
     2>Done building target "ValidateSolutionConfiguration" in project "Sp.Samples.Consume.sln".
     2>Target "ValidateToolsVersions" in file "F:\Slps\Github\samples\Sp.Samples.Consume\Sp.Samples.Consume.sln.metaproj" from project "F:\Slps\Github\samples\Sp.Samples.Consume\Sp.Samples.Consume.sln" (entry point):
       Task "Error" skipped, due to false condition; ('$(MSBuildToolsVersion)' == '2.0' and ('$(ProjectToolsVersion)' != '2.0' and '$(ProjectToolsVersion)' != '')) was evaluated as ('4.0' == '2.0' and ('' != '2.0' and '' != '')).
     2>Done building target "ValidateToolsVersions" in project "Sp.Samples.Consume.sln".
     2>Target "ValidateProjects" in file "F:\Slps\Github\samples\Sp.Samples.Consume\Sp.Samples.Consume.sln.metaproj" from project "F:\Slps\Github\samples\Sp.Samples.Consume\Sp.Samples.Consume.sln" (entry point):
     2>Done building target "ValidateProjects" in project "Sp.Samples.Consume.sln".
     2>Target "Build" in file "F:\Slps\Github\samples\Sp.Samples.Consume\Sp.Samples.Consume.sln.metaproj" from project "F:\Slps\Github\samples\Sp.Samples.Consume\Sp.Samples.Consume.sln" (entry point):
       Using "MSBuild" task from assembly "Microsoft.Build.Tasks.v4.0, Version=4.0.0.0, Culture=neutral, PublicKeyToken=b03f5f7f11d50a3a".
       Task "MSBuild"
         Global Properties:
           BuildingSolutionFile=true
           CurrentSolutionConfigurationContents=<SolutionConfiguration>
           <ProjectConfiguration Project="{BD0C0096-F9AA-461D-A87B-982DCD7CBB0F}" AbsolutePath="F:\Slps\Github\samples\Sp.Samples.Consume\Sp.Samples.Consume.CustomerSync\Sp.Samples.Consume.CustomerSync.csproj" BuildProjectInSolution="True">Debug|AnyCPU</ProjectConfiguration>
         </SolutionConfiguration>
           SolutionDir=F:\Slps\Github\samples\Sp.Samples.Consume\
           SolutionExt=.sln
           SolutionFileName=Sp.Samples.Consume.sln
           SolutionName=Sp.Samples.Consume
           SolutionPath=F:\Slps\Github\samples\Sp.Samples.Consume\Sp.Samples.Consume.sln
         Additional Properties for project "F:\Slps\Github\samples\Sp.Samples.Consume\Sp.Samples.Consume.CustomerSync\Sp.Samples.Consume.CustomerSync.csproj":
           Configuration=Debug
           Platform=AnyCPU
           VisualStudioVersion=11.0
     0>Overriding target "GetFrameworkPaths" in project "C:\Windows\Microsoft.NET\Framework\v4.0.30319\Microsoft.Common.targets" with target "GetFrameworkPaths" from project "C:\Windows\Microsoft.NET\Framework\v4.0.30319\Microsoft.NETFramework.targets".
       Overriding target "SatelliteDllsProjectOutputGroup" in project "C:\Windows\Microsoft.NET\Framework\v4.0.30319\Microsoft.Common.targets" with target "SatelliteDllsProjectOutputGroup" from project "C:\Windows\Microsoft.NET\Framework\v4.0.30319\Microsoft.WinFX.targets".
     2>Project "F:\Slps\Github\samples\Sp.Samples.Consume\Sp.Samples.Consume.sln" (2) is building "F:\Slps\Github\samples\Sp.Samples.Consume\Sp.Samples.Consume.CustomerSync\Sp.Samples.Consume.CustomerSync.csproj" (3) on node 1 (default targets).
     3>Building with tools version "4.0".
     3>Target "_CheckForInvalidConfigurationAndPlatform" in file "C:\Windows\Microsoft.NET\Framework\v4.0.30319\Microsoft.Common.targets" from project "F:\Slps\Github\samples\Sp.Samples.Consume\Sp.Samples.Consume.CustomerSync\Sp.Samples.Consume.CustomerSync.csproj" (entry point):
       Task "Error" skipped, due to false condition; ( '$(_InvalidConfigurationError)' == 'true' ) was evaluated as ( '' == 'true' ).
       Task "Warning" skipped, due to false condition; ( '$(_InvalidConfigurationWarning)' == 'true' ) was evaluated as ( '' == 'true' ).
       Using "Message" task from assembly "Microsoft.Build.Tasks.v4.0, Version=4.0.0.0, Culture=neutral, PublicKeyToken=b03f5f7f11d50a3a".
       Task "Message"
         Configuration=Debug
       Done executing task "Message".
       Task "Message"
         Platform=AnyCPU
       Done executing task "Message".
       Task "Error" skipped, due to false condition; ('$(OutDir)' != '' and !HasTrailingSlash('$(OutDir)')) was evaluated as ('bin\Debug\' != '' and !HasTrailingSlash('bin\Debug\')).
       Task "Error" skipped, due to false condition; ('$(BaseIntermediateOutputPath)' != '' and !HasTrailingSlash('$(BaseIntermediateOutputPath)')) was evaluated as ('obj\' != '' and !HasTrailingSlash('obj\')).
       Task "Error" skipped, due to false condition; ('$(IntermediateOutputPath)' != '' and !HasTrailingSlash('$(IntermediateOutputPath)')) was evaluated as ('obj\Debug\' != '' and !HasTrailingSlash('obj\Debug\')).
     3>Done building target "_CheckForInvalidConfigurationAndPlatform" in project "Sp.Samples.Consume.CustomerSync.csproj".
     3>Target "CheckPrerequisites" in file "F:\Slps\Github\samples\Sp.Samples.Consume\.nuget\nuget.targets" from project "F:\Slps\Github\samples\Sp.Samples.Consume\Sp.Samples.Consume.CustomerSync\Sp.Samples.Consume.CustomerSync.csproj" (target "RestorePackages" depends on it):
       Task "Error" skipped, due to false condition; ('$(DownloadNuGetExe)' != 'true' AND !Exists('$(NuGetExePath)')) was evaluated as ('true' != 'true' AND !Exists('F:\Slps\Github\samples\Sp.Samples.Consume\.nuget\nuget.exe')).
       Initializing task factory "CodeTaskFactory" from assembly "C:\Windows\Microsoft.NET\Framework\v4.0.30319\Microsoft.Build.Tasks.v4.0.dll".
       Using "SetEnvironmentVariable" task from the task factory "Code Task Factory".
       Task "SetEnvironmentVariable"
       Done executing task "SetEnvironmentVariable".
       Task "MsBuild"
         Global Properties:
           Configuration=NOT_IMPORTANT
     3>Project "F:\Slps\Github\samples\Sp.Samples.Consume\Sp.Samples.Consume.CustomerSync\Sp.Samples.Consume.CustomerSync.csproj" (3) is building "F:\Slps\Github\samples\Sp.Samples.Consume\.nuget\nuget.targets" (4) on node 1 (_DownloadNuGet target(s)).
     4>Building with tools version "4.0".
     4>Target "_DownloadNuGet" in project "F:\Slps\Github\samples\Sp.Samples.Consume\.nuget\nuget.targets" (entry point):
       Task "DownloadNuGet" skipped, due to false condition; ( '$(DownloadNuGetExe)' == 'true' AND !Exists('$(NuGetExePath)')) was evaluated as ( 'true' == 'true' AND !Exists('F:\Slps\Github\samples\Sp.Samples.Consume\.nuget\nuget.exe')).
     4>Done building target "_DownloadNuGet" in project "nuget.targets".
     4>Done Building Project "F:\Slps\Github\samples\Sp.Samples.Consume\.nuget\nuget.targets" (_DownloadNuGet target(s)).
     3>Done executing task "MsBuild".
     3>Done building target "CheckPrerequisites" in project "Sp.Samples.Consume.CustomerSync.csproj".
     3>Target "RestorePackages" in file "F:\Slps\Github\samples\Sp.Samples.Consume\.nuget\nuget.targets" from project "F:\Slps\Github\samples\Sp.Samples.Consume\Sp.Samples.Consume.CustomerSync\Sp.Samples.Consume.CustomerSync.csproj" (target "Build" depends on it):
       Task "Exec" skipped, due to false condition; ('$(OS)' != 'Windows_NT' And Exists('$(PackagesConfig)')) was evaluated as ('Windows_NT' != 'Windows_NT' And Exists('F:\Slps\Github\samples\Sp.Samples.Consume\Sp.Samples.Consume.CustomerSync\packages.config')).
       Using "Exec" task from assembly "Microsoft.Build.Tasks.v4.0, Version=4.0.0.0, Culture=neutral, PublicKeyToken=b03f5f7f11d50a3a".
       Task "Exec"
         "F:\Slps\Github\samples\Sp.Samples.Consume\.nuget\nuget.exe" install "F:\Slps\Github\samples\Sp.Samples.Consume\Sp.Samples.Consume.CustomerSync\packages.config" -source ""  -RequireConsent -solutionDir "F:\Slps\Github\samples\Sp.Samples.Consume\ "
         All packages listed in packages.config are already installed.
       Done executing task "Exec".
     3>Done building target "RestorePackages" in project "Sp.Samples.Consume.CustomerSync.csproj".
       Target "EntityDeploy" skipped, due to false condition; ('@(EntityDeploy)' != '') was evaluated as ('' != '').
     3>Target "BeforeBuild" in file "C:\Windows\Microsoft.NET\Framework\v4.0.30319\Microsoft.Common.targets" from project "F:\Slps\Github\samples\Sp.Samples.Consume\Sp.Samples.Consume.CustomerSync\Sp.Samples.Consume.CustomerSync.csproj" (target "Build" depends on it):
     3>Done building target "BeforeBuild" in project "Sp.Samples.Consume.CustomerSync.csproj".
     3>Target "BuildOnlySettings" in file "C:\Windows\Microsoft.NET\Framework\v4.0.30319\Microsoft.Common.targets" from project "F:\Slps\Github\samples\Sp.Samples.Consume\Sp.Samples.Consume.CustomerSync\Sp.Samples.Consume.CustomerSync.csproj" (target "CoreBuild" depends on it):
     3>Done building target "BuildOnlySettings" in project "Sp.Samples.Consume.CustomerSync.csproj".
     3>Target "GetFrameworkPaths" in file "C:\Windows\Microsoft.NET\Framework\v4.0.30319\Microsoft.NETFramework.targets" from project "F:\Slps\Github\samples\Sp.Samples.Consume\Sp.Samples.Consume.CustomerSync\Sp.Samples.Consume.CustomerSync.csproj" (target "PrepareForBuild" depends on it):
     3>Done building target "GetFrameworkPaths" in project "Sp.Samples.Consume.CustomerSync.csproj".
       Target "GetWinFXPath" skipped, due to false condition; (('@(Page)' != '' or '@(ApplicationDefinition)' != '' or '@(Resource)' != '') and ('$(GetWinFXNativePath)' != '' or '$(GetWinFXWoWPath)' != '' )) was evaluated as (('' != '' or '' != '' or '' != '') and ('' != '' or '' != '' )).
     3>Target "GetReferenceAssemblyPaths" in file "C:\Windows\Microsoft.NET\Framework\v4.0.30319\Microsoft.Common.targets" from project "F:\Slps\Github\samples\Sp.Samples.Consume\Sp.Samples.Consume.CustomerSync\Sp.Samples.Consume.CustomerSync.csproj" (target "PrepareForBuild" depends on it):
       Task "GetReferenceAssemblyPaths" skipped, due to false condition; ('$(TargetFrameworkMoniker)' != '' and ('$(_TargetFrameworkDirectories)' == '' or '$(_FullFrameworkReferenceAssemblyPaths)' == '')) was evaluated as ('.NETFramework,Version=v4.0,Profile=Client' != '' and ('C:\Program Files (x86)\Reference Assemblies\Microsoft\Framework\.NETFramework\v4.0\Profile\Client' == '' or 'C:\Program Files (x86)\Reference Assemblies\Microsoft\Framework\.NETFramework\v4.0' == '')).
     3>Done building target "GetReferenceAssemblyPaths" in project "Sp.Samples.Consume.CustomerSync.csproj".
     3>Target "PrepareForBuild" in file "C:\Windows\Microsoft.NET\Framework\v4.0.30319\Microsoft.Common.targets" from project "F:\Slps\Github\samples\Sp.Samples.Consume\Sp.Samples.Consume.CustomerSync\Sp.Samples.Consume.CustomerSync.csproj" (target "CoreBuild" depends on it):
       Using "FindAppConfigFile" task from assembly "Microsoft.Build.Tasks.v4.0, Version=4.0.0.0, Culture=neutral, PublicKeyToken=b03f5f7f11d50a3a".
       Task "FindAppConfigFile"
         Found "App.config".
       Done executing task "FindAppConfigFile".
       Using "MakeDir" task from assembly "Microsoft.Build.Tasks.v4.0, Version=4.0.0.0, Culture=neutral, PublicKeyToken=b03f5f7f11d50a3a".
       Task "MakeDir"
       Done executing task "MakeDir".
     3>Done building target "PrepareForBuild" in project "Sp.Samples.Consume.CustomerSync.csproj".
       Target "PreBuildEvent" skipped, due to false condition; ('$(PreBuildEvent)'!='') was evaluated as (''!='').
     3>Target "BeforeResolveReferences" in file "C:\Windows\Microsoft.NET\Framework\v4.0.30319\Microsoft.Common.targets" from project "F:\Slps\Github\samples\Sp.Samples.Consume\Sp.Samples.Consume.CustomerSync\Sp.Samples.Consume.CustomerSync.csproj" (target "ResolveReferences" depends on it):
     3>Done building target "BeforeResolveReferences" in project "Sp.Samples.Consume.CustomerSync.csproj".
     3>Target "AssignProjectConfiguration" in file "C:\Windows\Microsoft.NET\Framework\v4.0.30319\Microsoft.Common.targets" from project "F:\Slps\Github\samples\Sp.Samples.Consume\Sp.Samples.Consume.CustomerSync\Sp.Samples.Consume.CustomerSync.csproj" (target "ResolveReferences" depends on it):
       Using "AssignProjectConfiguration" task from assembly "Microsoft.Build.Tasks.v4.0, Version=4.0.0.0, Culture=neutral, PublicKeyToken=b03f5f7f11d50a3a".
       Task "AssignProjectConfiguration"
       Done executing task "AssignProjectConfiguration".
     3>Done building target "AssignProjectConfiguration" in project "Sp.Samples.Consume.CustomerSync.csproj".
       Target "AssignProjectConfiguration" skipped. Previously built successfully.
     3>Target "_SplitProjectReferencesByFileExistence" in file "C:\Windows\Microsoft.NET\Framework\v4.0.30319\Microsoft.Common.targets" from project "F:\Slps\Github\samples\Sp.Samples.Consume\Sp.Samples.Consume.CustomerSync\Sp.Samples.Consume.CustomerSync.csproj" (target "ResolveProjectReferences" depends on it):
       Task "ResolveNonMSBuildProjectOutput" skipped, due to false condition; ('$(BuildingInsideVisualStudio)'=='true' and '@(ProjectReferenceWithConfiguration)'!='') was evaluated as (''=='true' and ''!='').
     3>Done building target "_SplitProjectReferencesByFileExistence" in project "Sp.Samples.Consume.CustomerSync.csproj".
     3>Target "ResolveProjectReferences" in file "C:\Windows\Microsoft.NET\Framework\v4.0.30319\Microsoft.Common.targets" from project "F:\Slps\Github\samples\Sp.Samples.Consume\Sp.Samples.Consume.CustomerSync\Sp.Samples.Consume.CustomerSync.csproj" (target "ResolveReferences" depends on it):
       Task "MSBuild" skipped, due to false condition; ('%(_MSBuildProjectReferenceExistent.BuildReference)' == 'true' and '@(ProjectReferenceWithConfiguration)' != '' and ('$(BuildingInsideVisualStudio)' == 'true' or '$(BuildProjectReferences)' != 'true') and '@(_MSBuildProjectReferenceExistent)' != '') was evaluated as ('' == 'true' and '' != '' and ('' == 'true' or 'true' != 'true') and '' != '').
       Task "MSBuild" skipped, due to false condition; ('%(_MSBuildProjectReferenceExistent.BuildReference)' == 'true' and '@(ProjectReferenceWithConfiguration)' != '' and '$(BuildingInsideVisualStudio)' != 'true' and '$(BuildProjectReferences)' == 'true' and '@(_MSBuildProjectReferenceExistent)' != '') was evaluated as ('' == 'true' and '' != '' and '' != 'true' and 'true' == 'true' and '' != '').
       Task "MSBuild" skipped, due to false condition; ('%(_MSBuildProjectReferenceExistent.BuildReference)' == 'true' and '@(ProjectReferenceWithConfiguration)' != '' and '$(BuildingProject)' == 'true' and '@(_MSBuildProjectReferenceExistent)' != '') was evaluated as ('' == 'true' and '' != '' and 'true' == 'true' and '' != '').
       Task "Warning" skipped, due to false condition; ('@(ProjectReferenceWithConfiguration)' != '' and '@(_MSBuildProjectReferenceNonexistent)' != '') was evaluated as ('' != '' and '' != '').
     3>Done building target "ResolveProjectReferences" in project "Sp.Samples.Consume.CustomerSync.csproj".
       Target "ResolveNativeReferences" skipped, due to false condition; ('@(NativeReference)'!='') was evaluated as (''!='').
       Target "GetFrameworkPaths" skipped. Previously built successfully.
       Target "GetReferenceAssemblyPaths" skipped. Previously built successfully.
       Target "PrepareForBuild" skipped. Previously built successfully.
     3>Target "GetInstalledSDKLocations" in file "C:\Windows\Microsoft.NET\Framework\v4.0.30319\Microsoft.Common.targets" from project "F:\Slps\Github\samples\Sp.Samples.Consume\Sp.Samples.Consume.CustomerSync\Sp.Samples.Consume.CustomerSync.csproj" (target "ResolveSDKReferences" depends on it):
       Task "GetInstalledSDKLocations" skipped, due to false condition; ('@(SDKReference)' != '') was evaluated as ('' != '').
     3>Done building target "GetInstalledSDKLocations" in project "Sp.Samples.Consume.CustomerSync.csproj".
     3>Target "ResolveSDKReferences" in file "C:\Windows\Microsoft.NET\Framework\v4.0.30319\Microsoft.Common.targets" from project "F:\Slps\Github\samples\Sp.Samples.Consume\Sp.Samples.Consume.CustomerSync\Sp.Samples.Consume.CustomerSync.csproj" (target "ResolveAssemblyReferences" depends on it):
       Task "ResolveSDKReference" skipped, due to false condition; ('@(SDKReference)'!='') was evaluated as (''!='').
     3>Done building target "ResolveSDKReferences" in project "Sp.Samples.Consume.CustomerSync.csproj".
       Target "ResolveSDKReferences" skipped. Previously built successfully.
     3>Target "ExpandSDKReferences" in file "C:\Windows\Microsoft.NET\Framework\v4.0.30319\Microsoft.Common.targets" from project "F:\Slps\Github\samples\Sp.Samples.Consume\Sp.Samples.Consume.CustomerSync\Sp.Samples.Consume.CustomerSync.csproj" (target "ResolveAssemblyReferences" depends on it):
       Task "GetSDKReferenceFiles" skipped, due to false condition; ('@(ResolvedSDKReference)'!='') was evaluated as (''!='').
     3>Done building target "ExpandSDKReferences" in project "Sp.Samples.Consume.CustomerSync.csproj".
       Target "FakesGenerateBeforeBuild" skipped, due to false condition; (@(Fakes) != '' AND $(BuildingProject)) was evaluated as ( != '' AND true).
     3>Target "ResolveAssemblyReferences" in file "C:\Windows\Microsoft.NET\Framework\v4.0.30319\Microsoft.Common.targets" from project "F:\Slps\Github\samples\Sp.Samples.Consume\Sp.Samples.Consume.CustomerSync\Sp.Samples.Consume.CustomerSync.csproj" (target "ResolveReferences" depends on it):
       Using "ResolveAssemblyReference" task from assembly "Microsoft.Build.Tasks.v4.0, Version=4.0.0.0, Culture=neutral, PublicKeyToken=b03f5f7f11d50a3a".
       Task "ResolveAssemblyReference"
         TargetFrameworkMoniker:
             .NETFramework,Version=v4.0,Profile=Client
         TargetFrameworkMonikerDisplayName:
             .NET Framework 4 Client Profile
         TargetedRuntimeVersion:
             v4.0.30319
         Assemblies:
             HtmlAgilityPack
                 HintPath = '..\packages\HtmlAgilityPack.1.4.6\lib\Net40\HtmlAgilityPack.dll'
             RestSharp
                 HintPath = '..\packages\RestSharp.104.1\lib\net4\RestSharp.dll'
             System
             System.configuration
             System.XML
             System.Core
         AssemblyFiles:
             C:\Program Files (x86)\Reference Assemblies\Microsoft\Framework\.NETFramework\v4.0\Profile\Client\mscorlib.dll
         CandidateAssemblyFiles:
         TargetFrameworkDirectories:
             C:\Program Files (x86)\Reference Assemblies\Microsoft\Framework\.NETFramework\v4.0\Profile\Client
         InstalledAssemblyTables:
         IgnoreInstalledAssemblyTable:
             False
         SearchPaths:
             F:\Slps\Github\samples\Sp.Samples.Consume\Sp.Samples.Consume.CustomerSync\FakesAssemblies
             {CandidateAssemblyFiles}
             {HintPathFromItem}
             {TargetFrameworkDirectory}
             {Registry:Software\Microsoft\.NETFramework,v4.0,AssemblyFoldersEx}
             {AssemblyFolders}
             {GAC}
             {RawFileName}
             bin\Debug\
         AllowedAssemblyExtensions:
             .winmd
             .dll
             .exe
         AllowedRelatedFileExtensions:
             .pdb
             .xml
             .pri
         AppConfigFile:
             App.config
         AutoUnify:
             False
         CopyLocalDependenciesWhenParentReferenceInGac:
             True
         FindDependencies:
             True
         TargetProcessorArchitecture:
             msil
         StateFile:
             obj\Debug\Sp.Samples.Consume.CustomerSync.csprojResolveAssemblyReference.cache
         InstalledAssemblySubsetTables:
         IgnoreInstalledAssemblySubsetTable:
             False
         TargetFrameworkSubsets:
         FullTargetFrameworkSubsetNames:
             Full
         ProfileName:
             Client
         FullFrameworkFolders:
             C:\Program Files (x86)\Reference Assemblies\Microsoft\Framework\.NETFramework\v4.0
         LatestTargetFrameworkDirectories:
         ProfileTablesLocation:
         A TargetFramework profile exclusion list will be generated.
         Primary reference "mscorlib, Version=4.0.0.0, Culture=neutral, PublicKeyToken=b77a5c561934e089".
             Resolved file path is "C:\Program Files (x86)\Reference Assemblies\Microsoft\Framework\.NETFramework\v4.0\Profile\Client\mscorlib.dll".
             Reference found at search path location "C:\Program Files (x86)\Reference Assemblies\Microsoft\Framework\.NETFramework\v4.0\Profile\Client\mscorlib.dll".
             This reference is not "CopyLocal" because it's a prerequisite file.
             The ImageRuntimeVersion for this reference is "v4.0.30319".
         Primary reference "HtmlAgilityPack, Version=1.4.6.0, Culture=neutral, PublicKeyToken=bd319b19eaf3b43a".
             Resolved file path is "F:\Slps\Github\samples\Sp.Samples.Consume\packages\HtmlAgilityPack.1.4.6\lib\Net40\HtmlAgilityPack.dll".
             Reference found at search path location "{HintPathFromItem}".
                 For SearchPath "F:\Slps\Github\samples\Sp.Samples.Consume\Sp.Samples.Consume.CustomerSync\FakesAssemblies".
                 Considered "F:\Slps\Github\samples\Sp.Samples.Consume\Sp.Samples.Consume.CustomerSync\FakesAssemblies\HtmlAgilityPack.winmd", but it didn't exist.
                 Considered "F:\Slps\Github\samples\Sp.Samples.Consume\Sp.Samples.Consume.CustomerSync\FakesAssemblies\HtmlAgilityPack.dll", but it didn't exist.
                 Considered "F:\Slps\Github\samples\Sp.Samples.Consume\Sp.Samples.Consume.CustomerSync\FakesAssemblies\HtmlAgilityPack.exe", but it didn't exist.
             Found related file "F:\Slps\Github\samples\Sp.Samples.Consume\packages\HtmlAgilityPack.1.4.6\lib\Net40\HtmlAgilityPack.pdb".
             Found related file "F:\Slps\Github\samples\Sp.Samples.Consume\packages\HtmlAgilityPack.1.4.6\lib\Net40\HtmlAgilityPack.xml".
             The ImageRuntimeVersion for this reference is "v4.0.30319".
         Primary reference "RestSharp, Version=104.1.0.0, Culture=neutral, PublicKeyToken=null".
             Resolved file path is "F:\Slps\Github\samples\Sp.Samples.Consume\packages\RestSharp.104.1\lib\net4\RestSharp.dll".
             Reference found at search path location "{HintPathFromItem}".
                 For SearchPath "F:\Slps\Github\samples\Sp.Samples.Consume\Sp.Samples.Consume.CustomerSync\FakesAssemblies".
                 Considered "F:\Slps\Github\samples\Sp.Samples.Consume\Sp.Samples.Consume.CustomerSync\FakesAssemblies\RestSharp.winmd", but it didn't exist.
                 Considered "F:\Slps\Github\samples\Sp.Samples.Consume\Sp.Samples.Consume.CustomerSync\FakesAssemblies\RestSharp.dll", but it didn't exist.
                 Considered "F:\Slps\Github\samples\Sp.Samples.Consume\Sp.Samples.Consume.CustomerSync\FakesAssemblies\RestSharp.exe", but it didn't exist.
             Found related file "F:\Slps\Github\samples\Sp.Samples.Consume\packages\RestSharp.104.1\lib\net4\RestSharp.xml".
             The ImageRuntimeVersion for this reference is "v4.0.30319".
         Primary reference "System, Version=4.0.0.0, Culture=neutral, PublicKeyToken=b77a5c561934e089".
             Resolved file path is "C:\Program Files (x86)\Reference Assemblies\Microsoft\Framework\.NETFramework\v4.0\Profile\Client\System.dll".
             Reference found at search path location "{TargetFrameworkDirectory}".
                 For SearchPath "F:\Slps\Github\samples\Sp.Samples.Consume\Sp.Samples.Consume.CustomerSync\FakesAssemblies".
                 Considered "F:\Slps\Github\samples\Sp.Samples.Consume\Sp.Samples.Consume.CustomerSync\FakesAssemblies\System.winmd", but it didn't exist.
                 Considered "F:\Slps\Github\samples\Sp.Samples.Consume\Sp.Samples.Consume.CustomerSync\FakesAssemblies\System.dll", but it didn't exist.
                 Considered "F:\Slps\Github\samples\Sp.Samples.Consume\Sp.Samples.Consume.CustomerSync\FakesAssemblies\System.exe", but it didn't exist.
                 For SearchPath "{TargetFrameworkDirectory}".
                 Considered "C:\Program Files (x86)\Reference Assemblies\Microsoft\Framework\.NETFramework\v4.0\Profile\Client\System.winmd", but it didn't exist.
             This reference is not "CopyLocal" because it's a prerequisite file.
             The ImageRuntimeVersion for this reference is "v4.0.30319".
         Primary reference "System.Configuration, Version=4.0.0.0, Culture=neutral, PublicKeyToken=b03f5f7f11d50a3a".
             Resolved file path is "C:\Program Files (x86)\Reference Assemblies\Microsoft\Framework\.NETFramework\v4.0\Profile\Client\System.Configuration.dll".
             Reference found at search path location "{TargetFrameworkDirectory}".
                 For SearchPath "F:\Slps\Github\samples\Sp.Samples.Consume\Sp.Samples.Consume.CustomerSync\FakesAssemblies".
                 Considered "F:\Slps\Github\samples\Sp.Samples.Consume\Sp.Samples.Consume.CustomerSync\FakesAssemblies\System.configuration.winmd", but it didn't exist.
                 Considered "F:\Slps\Github\samples\Sp.Samples.Consume\Sp.Samples.Consume.CustomerSync\FakesAssemblies\System.configuration.dll", but it didn't exist.
                 Considered "F:\Slps\Github\samples\Sp.Samples.Consume\Sp.Samples.Consume.CustomerSync\FakesAssemblies\System.configuration.exe", but it didn't exist.
                 For SearchPath "{TargetFrameworkDirectory}".
                 Considered "C:\Program Files (x86)\Reference Assemblies\Microsoft\Framework\.NETFramework\v4.0\Profile\Client\System.Configuration.winmd", but it didn't exist.
             This reference is not "CopyLocal" because it's a prerequisite file.
             The ImageRuntimeVersion for this reference is "v4.0.30319".
         Primary reference "System.Xml, Version=4.0.0.0, Culture=neutral, PublicKeyToken=b77a5c561934e089".
             Resolved file path is "C:\Program Files (x86)\Reference Assemblies\Microsoft\Framework\.NETFramework\v4.0\Profile\Client\System.Xml.dll".
             Reference found at search path location "{TargetFrameworkDirectory}".
                 For SearchPath "F:\Slps\Github\samples\Sp.Samples.Consume\Sp.Samples.Consume.CustomerSync\FakesAssemblies".
                 Considered "F:\Slps\Github\samples\Sp.Samples.Consume\Sp.Samples.Consume.CustomerSync\FakesAssemblies\System.XML.winmd", but it didn't exist.
                 Considered "F:\Slps\Github\samples\Sp.Samples.Consume\Sp.Samples.Consume.CustomerSync\FakesAssemblies\System.XML.dll", but it didn't exist.
                 Considered "F:\Slps\Github\samples\Sp.Samples.Consume\Sp.Samples.Consume.CustomerSync\FakesAssemblies\System.XML.exe", but it didn't exist.
                 For SearchPath "{TargetFrameworkDirectory}".
                 Considered "C:\Program Files (x86)\Reference Assemblies\Microsoft\Framework\.NETFramework\v4.0\Profile\Client\System.Xml.winmd", but it didn't exist.
             This reference is not "CopyLocal" because it's a prerequisite file.
             The ImageRuntimeVersion for this reference is "v4.0.30319".
         Primary reference "System.Core, Version=4.0.0.0, Culture=neutral, PublicKeyToken=b77a5c561934e089".
             Resolved file path is "C:\Program Files (x86)\Reference Assemblies\Microsoft\Framework\.NETFramework\v4.0\Profile\Client\System.Core.dll".
             Reference found at search path location "{TargetFrameworkDirectory}".
                 For SearchPath "F:\Slps\Github\samples\Sp.Samples.Consume\Sp.Samples.Consume.CustomerSync\FakesAssemblies".
                 Considered "F:\Slps\Github\samples\Sp.Samples.Consume\Sp.Samples.Consume.CustomerSync\FakesAssemblies\System.Core.winmd", but it didn't exist.
                 Considered "F:\Slps\Github\samples\Sp.Samples.Consume\Sp.Samples.Consume.CustomerSync\FakesAssemblies\System.Core.dll", but it didn't exist.
                 Considered "F:\Slps\Github\samples\Sp.Samples.Consume\Sp.Samples.Consume.CustomerSync\FakesAssemblies\System.Core.exe", but it didn't exist.
                 For SearchPath "{TargetFrameworkDirectory}".
                 Considered "C:\Program Files (x86)\Reference Assemblies\Microsoft\Framework\.NETFramework\v4.0\Profile\Client\System.Core.winmd", but it didn't exist.
             This reference is not "CopyLocal" because it's a prerequisite file.
             The ImageRuntimeVersion for this reference is "v4.0.30319".
         Dependency "System.Xml.Linq, Version=4.0.0.0, Culture=neutral, PublicKeyToken=b77a5c561934e089".
             Resolved file path is "C:\Program Files (x86)\Reference Assemblies\Microsoft\Framework\.NETFramework\v4.0\Profile\Client\System.Xml.Linq.dll".
             Reference found at search path location "{TargetFrameworkDirectory}".
                 For SearchPath "F:\Slps\Github\samples\Sp.Samples.Consume\packages\RestSharp.104.1\lib\net4".
                 Considered "F:\Slps\Github\samples\Sp.Samples.Consume\packages\RestSharp.104.1\lib\net4\System.Xml.Linq.winmd", but it didn't exist.
                 Considered "F:\Slps\Github\samples\Sp.Samples.Consume\packages\RestSharp.104.1\lib\net4\System.Xml.Linq.dll", but it didn't exist.
                 Considered "F:\Slps\Github\samples\Sp.Samples.Consume\packages\RestSharp.104.1\lib\net4\System.Xml.Linq.exe", but it didn't exist.
                 For SearchPath "F:\Slps\Github\samples\Sp.Samples.Consume\Sp.Samples.Consume.CustomerSync\FakesAssemblies".
                 Considered "F:\Slps\Github\samples\Sp.Samples.Consume\Sp.Samples.Consume.CustomerSync\FakesAssemblies\System.Xml.Linq.winmd", but it didn't exist.
                 Considered "F:\Slps\Github\samples\Sp.Samples.Consume\Sp.Samples.Consume.CustomerSync\FakesAssemblies\System.Xml.Linq.dll", but it didn't exist.
                 Considered "F:\Slps\Github\samples\Sp.Samples.Consume\Sp.Samples.Consume.CustomerSync\FakesAssemblies\System.Xml.Linq.exe", but it didn't exist.
                 For SearchPath "{TargetFrameworkDirectory}".
                 Considered "C:\Program Files (x86)\Reference Assemblies\Microsoft\Framework\.NETFramework\v4.0\Profile\Client\System.Xml.Linq.winmd", but it didn't exist.
             Required by "RestSharp".
             This reference is not "CopyLocal" because it's a prerequisite file.
             The ImageRuntimeVersion for this reference is "v4.0.30319".
       Done executing task "ResolveAssemblyReference".
     3>Done building target "ResolveAssemblyReferences" in project "Sp.Samples.Consume.CustomerSync.csproj".
       Target "ResolveComReferences" skipped, due to false condition; ('@(COMReference)'!='' or '@(COMFileReference)'!='') was evaluated as (''!='' or ''!='').
     3>Target "AfterResolveReferences" in file "C:\Windows\Microsoft.NET\Framework\v4.0.30319\Microsoft.Common.targets" from project "F:\Slps\Github\samples\Sp.Samples.Consume\Sp.Samples.Consume.CustomerSync\Sp.Samples.Consume.CustomerSync.csproj" (target "ResolveReferences" depends on it):
     3>Done building target "AfterResolveReferences" in project "Sp.Samples.Consume.CustomerSync.csproj".
       Target "ImplicitlyExpandDesignTimeFacades" skipped, due to false condition; ('$(ImplicitlyExpandDesignTimeFacades)' == 'true') was evaluated as ('' == 'true').
       Target "ResolveTestReferences" skipped, due to false condition; ('@(Shadow)'!='') was evaluated as (''!='').
     3>Target "ResolveReferences" in file "C:\Windows\Microsoft.NET\Framework\v4.0.30319\Microsoft.Common.targets" from project "F:\Slps\Github\samples\Sp.Samples.Consume\Sp.Samples.Consume.CustomerSync\Sp.Samples.Consume.CustomerSync.csproj" (target "CoreBuild" depends on it):
     3>Done building target "ResolveReferences" in project "Sp.Samples.Consume.CustomerSync.csproj".
       Target "XamlMarkupCompilePass1" skipped, due to false condition; ('@(XamlPage)' != '' or '@(XamlAppDef)' != '') was evaluated as ('' != '' or '' != '').
       Target "XamlMarkupCompileReadGeneratedFileList" skipped, due to false condition; ('@(XamlPage)' != '' or '@(XamlAppDef)' != '') was evaluated as ('' != '' or '' != '').
       Target "XamlMarkupCompileAddFilesGenerated" skipped, due to false condition; ('@(XamlPage)' != '' or '@(XamlAppDef)' != '') was evaluated as ('' != '' or '' != '').
       Target "XamlMarkupCompilePass2" skipped, due to false condition; ('$(XamlRequiresCompilationPass2)' == 'true' ) was evaluated as ('false' == 'true' ).
       Target "XamlMarkupCompileReadPass2Flag" skipped, due to false condition; ('@(XamlPage)' != '' or '@(XamlAppDef)' != '') was evaluated as ('' != '' or '' != '').
       Target "XamlMarkupCompileAddExtensionFilesGenerated" skipped, due to false condition; ('@(XamlPage)' != '' or '@(XamlAppDef)' != '') was evaluated as ('' != '' or '' != '').
       Target "MarkupCompilePass1" skipped, due to false condition; ('@(Page)' != '' or '@(ApplicationDefinition)' != '' ) was evaluated as ('' != '' or '' != '' ).
     3>Target "AfterMarkupCompilePass1" in file "C:\Windows\Microsoft.NET\Framework\v4.0.30319\Microsoft.WinFX.targets" from project "F:\Slps\Github\samples\Sp.Samples.Consume\Sp.Samples.Consume.CustomerSync\Sp.Samples.Consume.CustomerSync.csproj" (target "PrepareResources" depends on it):
     3>Done building target "AfterMarkupCompilePass1" in project "Sp.Samples.Consume.CustomerSync.csproj".
       Target "MarkupCompilePass2ForMainAssembly" skipped, due to false condition; ('$(_RequireMCPass2ForMainAssembly)' == 'true' ) was evaluated as ('false' == 'true' ).
     3>Target "FileClassification" in file "C:\Windows\Microsoft.NET\Framework\v4.0.30319\Microsoft.WinFX.targets" from project "F:\Slps\Github\samples\Sp.Samples.Consume\Sp.Samples.Consume.CustomerSync\Sp.Samples.Consume.CustomerSync.csproj" (target "PrepareResources" depends on it):
       Task "FileClassifier" skipped, due to false condition; ('@(GeneratedBaml)' != '' or '@(Resource)' != '' or '@(Font)' != '') was evaluated as ('' != '' or '' != '' or '' != '').
       Task "Message" skipped, due to false condition; ('$(MSBuildTargetsVerbose)'=='true') was evaluated as (''=='true').
       Task "Message" skipped, due to false condition; ('$(MSBuildTargetsVerbose)'=='true') was evaluated as (''=='true').
     3>Done building target "FileClassification" in project "Sp.Samples.Consume.CustomerSync.csproj".
       Target "MainResourcesGeneration" skipped, due to false condition; ('@(MainEmbeddedFiles)' != '') was evaluated as ('' != '').
       Target "AssignWinFXEmbeddedResource" skipped, due to false condition; ('@(WinFXEmbeddedResource)' != '') was evaluated as ('' != '').
     3>Target "AssignTargetPaths" in file "C:\Windows\Microsoft.NET\Framework\v4.0.30319\Microsoft.Common.targets" from project "F:\Slps\Github\samples\Sp.Samples.Consume\Sp.Samples.Consume.CustomerSync\Sp.Samples.Consume.CustomerSync.csproj" (target "PrepareResourceNames" depends on it):
       Using "AssignTargetPath" task from assembly "Microsoft.Build.Tasks.v4.0, Version=4.0.0.0, Culture=neutral, PublicKeyToken=b03f5f7f11d50a3a".
       Task "AssignTargetPath"
       Done executing task "AssignTargetPath".
       Task "AssignTargetPath"
       Done executing task "AssignTargetPath".
       Task "AssignTargetPath"
       Done executing task "AssignTargetPath".
       Task "AssignTargetPath"
       Done executing task "AssignTargetPath".
       Task "AssignTargetPath" skipped, due to false condition; ('@(_DeploymentBaseManifestWithTargetPath)'=='' and '%(None.Extension)'=='.manifest') was evaluated as (''=='' and '.config'=='.manifest').
     3>Done building target "AssignTargetPaths" in project "Sp.Samples.Consume.CustomerSync.csproj".
       Target "AssignTargetPaths" skipped. Previously built successfully.
     3>Target "SplitResourcesByCulture" in file "C:\Windows\Microsoft.NET\Framework\v4.0.30319\Microsoft.Common.targets" from project "F:\Slps\Github\samples\Sp.Samples.Consume\Sp.Samples.Consume.CustomerSync\Sp.Samples.Consume.CustomerSync.csproj" (target "PrepareResourceNames" depends on it):
       Task "Warning" skipped, due to false condition; ('@(ResxWithNoCulture)'!='') was evaluated as (''!='').
       Task "Warning" skipped, due to false condition; ('@(ResxWithCulture)'!='') was evaluated as (''!='').
       Task "Warning" skipped, due to false condition; ('@(NonResxWithCulture)'!='') was evaluated as (''!='').
       Task "Warning" skipped, due to false condition; ('@(NonResxWithNoCulture)'!='') was evaluated as (''!='').
       Using "AssignCulture" task from assembly "Microsoft.Build.Tasks.v4.0, Version=4.0.0.0, Culture=neutral, PublicKeyToken=b03f5f7f11d50a3a".
       Task "AssignCulture"
       Done executing task "AssignCulture".
     3>Done building target "SplitResourcesByCulture" in project "Sp.Samples.Consume.CustomerSync.csproj".
       Target "CreateManifestResourceNames" skipped, due to false condition; ('@(EmbeddedResource)' != '') was evaluated as ('' != '').
     3>Target "CreateCustomManifestResourceNames" in file "C:\Windows\Microsoft.NET\Framework\v4.0.30319\Microsoft.Common.targets" from project "F:\Slps\Github\samples\Sp.Samples.Consume\Sp.Samples.Consume.CustomerSync\Sp.Samples.Consume.CustomerSync.csproj" (target "PrepareResourceNames" depends on it):
     3>Done building target "CreateCustomManifestResourceNames" in project "Sp.Samples.Consume.CustomerSync.csproj".
     3>Target "PrepareResourceNames" in file "C:\Windows\Microsoft.NET\Framework\v4.0.30319\Microsoft.Common.targets" from project "F:\Slps\Github\samples\Sp.Samples.Consume\Sp.Samples.Consume.CustomerSync\Sp.Samples.Consume.CustomerSync.csproj" (target "PrepareResources" depends on it):
     3>Done building target "PrepareResourceNames" in project "Sp.Samples.Consume.CustomerSync.csproj".
       Target "ResolveAssemblyReferences" skipped. Previously built successfully.
       Target "SplitResourcesByCulture" skipped. Previously built successfully.
     3>Target "BeforeResGen" in file "C:\Windows\Microsoft.NET\Framework\v4.0.30319\Microsoft.Common.targets" from project "F:\Slps\Github\samples\Sp.Samples.Consume\Sp.Samples.Consume.CustomerSync\Sp.Samples.Consume.CustomerSync.csproj" (target "ResGen" depends on it):
     3>Done building target "BeforeResGen" in project "Sp.Samples.Consume.CustomerSync.csproj".
     3>Target "CoreResGen" in file "C:\Windows\Microsoft.NET\Framework\v4.0.30319\Microsoft.Common.targets" from project "F:\Slps\Github\samples\Sp.Samples.Consume\Sp.Samples.Consume.CustomerSync\Sp.Samples.Consume.CustomerSync.csproj" (target "ResGen" depends on it):
       Task "GenerateResource" skipped, due to false condition; ('%(EmbeddedResource.Type)' == 'Resx' and '%(EmbeddedResource.GenerateResource)' != 'false' and '$(GenerateResourceMSBuildRuntime)' != 'CLR2') was evaluated as ('' == 'Resx' and '' != 'false' and 'CLR4' != 'CLR2').
       Task "GenerateResource" skipped, due to false condition; ('%(EmbeddedResource.Type)' == 'Resx' and '%(EmbeddedResource.GenerateResource)' != 'false' and '$(GenerateResourceMSBuildRuntime)' == 'CLR2') was evaluated as ('' == 'Resx' and '' != 'false' and 'CLR4' == 'CLR2').
     3>Done building target "CoreResGen" in project "Sp.Samples.Consume.CustomerSync.csproj".
     3>Target "AfterResGen" in file "C:\Windows\Microsoft.NET\Framework\v4.0.30319\Microsoft.Common.targets" from project "F:\Slps\Github\samples\Sp.Samples.Consume\Sp.Samples.Consume.CustomerSync\Sp.Samples.Consume.CustomerSync.csproj" (target "ResGen" depends on it):
     3>Done building target "AfterResGen" in project "Sp.Samples.Consume.CustomerSync.csproj".
     3>Target "ResGen" in file "C:\Windows\Microsoft.NET\Framework\v4.0.30319\Microsoft.Common.targets" from project "F:\Slps\Github\samples\Sp.Samples.Consume\Sp.Samples.Consume.CustomerSync\Sp.Samples.Consume.CustomerSync.csproj" (target "PrepareResources" depends on it):
     3>Done building target "ResGen" in project "Sp.Samples.Consume.CustomerSync.csproj".
       Target "CompileLicxFiles" skipped, due to false condition; ('@(_LicxFile)'!='') was evaluated as (''!='').
     3>Target "PrepareRdlFiles" in file "C:\Program Files (x86)\MSBuild\Microsoft\VisualStudio\v11.0\ReportingServices\Microsoft.ReportingServices.targets" from project "F:\Slps\Github\samples\Sp.Samples.Consume\Sp.Samples.Consume.CustomerSync\Sp.Samples.Consume.CustomerSync.csproj" (target "CompileRdlFiles" depends on it):
       Task "CreateItem" skipped, due to false condition; ('%(Extension)'=='.rdlc') was evaluated as (''=='.rdlc').
     3>Done building target "PrepareRdlFiles" in project "Sp.Samples.Consume.CustomerSync.csproj".
       Target "RunRdlCompiler" skipped, due to false condition; ('@(RdlFile)'!='') was evaluated as (''!='').
     3>Target "CompileRdlFiles" in file "C:\Program Files (x86)\MSBuild\Microsoft\VisualStudio\v11.0\ReportingServices\Microsoft.ReportingServices.targets" from project "F:\Slps\Github\samples\Sp.Samples.Consume\Sp.Samples.Consume.CustomerSync\Sp.Samples.Consume.CustomerSync.csproj" (target "PrepareResources" depends on it):
     3>Done building target "CompileRdlFiles" in project "Sp.Samples.Consume.CustomerSync.csproj".
     3>Target "PrepareResources" in file "C:\Windows\Microsoft.NET\Framework\v4.0.30319\Microsoft.Common.targets" from project "F:\Slps\Github\samples\Sp.Samples.Consume\Sp.Samples.Consume.CustomerSync\Sp.Samples.Consume.CustomerSync.csproj" (target "CoreBuild" depends on it):
     3>Done building target "PrepareResources" in project "Sp.Samples.Consume.CustomerSync.csproj".
       Target "ResolveKeySource" skipped, due to false condition; ($(SignManifests) == 'true' or $(SignAssembly) == 'true') was evaluated as ( == 'true' or  == 'true').
       Target "ResolveReferences" skipped. Previously built successfully.
       Target "ResolveKeySource" skipped, due to false condition; ($(SignManifests) == 'true' or $(SignAssembly) == 'true') was evaluated as ( == 'true' or  == 'true').
       Target "ResolveComReferences" skipped, due to false condition; ('@(COMReference)'!='' or '@(COMFileReference)'!='') was evaluated as (''!='' or ''!='').
       Target "ResolveNativeReferences" skipped, due to false condition; ('@(NativeReference)'!='') was evaluated as (''!='').
       Target "_SetExternalWin32ManifestProperties" skipped, due to false condition; ('$(GenerateClickOnceManifests)'=='true' or '@(NativeReference)'!='' or '@(ResolvedIsolatedComModules)'!='') was evaluated as (''=='true' or ''!='' or ''!='').
     3>Target "_SetEmbeddedWin32ManifestProperties" in file "C:\Windows\Microsoft.NET\Framework\v4.0.30319\Microsoft.Common.targets" from project "F:\Slps\Github\samples\Sp.Samples.Consume\Sp.Samples.Consume.CustomerSync\Sp.Samples.Consume.CustomerSync.csproj" (target "SetWin32ManifestProperties" depends on it):
       Using "GetFrameworkPath" task from assembly "Microsoft.Build.Tasks.v4.0, Version=4.0.0.0, Culture=neutral, PublicKeyToken=b03f5f7f11d50a3a".
       Task "GetFrameworkPath"
       Done executing task "GetFrameworkPath".
     3>Done building target "_SetEmbeddedWin32ManifestProperties" in project "Sp.Samples.Consume.CustomerSync.csproj".
     3>Target "SetWin32ManifestProperties" in file "C:\Windows\Microsoft.NET\Framework\v4.0.30319\Microsoft.Common.targets" from project "F:\Slps\Github\samples\Sp.Samples.Consume\Sp.Samples.Consume.CustomerSync\Sp.Samples.Consume.CustomerSync.csproj" (target "Compile" depends on it):
     3>Done building target "SetWin32ManifestProperties" in project "Sp.Samples.Consume.CustomerSync.csproj".
     3>Target "_GenerateCompileInputs" in file "C:\Windows\Microsoft.NET\Framework\v4.0.30319\Microsoft.Common.targets" from project "F:\Slps\Github\samples\Sp.Samples.Consume\Sp.Samples.Consume.CustomerSync\Sp.Samples.Consume.CustomerSync.csproj" (target "Compile" depends on it):
       Task "Warning" skipped, due to false condition; ('@(ManifestResourceWithNoCulture)'!='' and '%(ManifestResourceWithNoCulture.EmittedForCompatibilityOnly)'=='') was evaluated as (''!='' and ''=='').
       Task "Warning" skipped, due to false condition; ('@(ManifestNonResxWithNoCultureOnDisk)'!='' and '%(ManifestNonResxWithNoCultureOnDisk.EmittedForCompatibilityOnly)'=='') was evaluated as (''!='' and ''=='').
     3>Done building target "_GenerateCompileInputs" in project "Sp.Samples.Consume.CustomerSync.csproj".
       Target "PrepareForBuild" skipped. Previously built successfully.
       Target "GetReferenceAssemblyPaths" skipped. Previously built successfully.
     3>Target "_SetTargetFrameworkMonikerAttribute" in file "C:\Windows\Microsoft.NET\Framework\v4.0.30319\Microsoft.CSharp.targets" from project "F:\Slps\Github\samples\Sp.Samples.Consume\Sp.Samples.Consume.CustomerSync\Sp.Samples.Consume.CustomerSync.csproj" (target "GenerateTargetFrameworkMonikerAttribute" depends on it):
     3>Done building target "_SetTargetFrameworkMonikerAttribute" in project "Sp.Samples.Consume.CustomerSync.csproj".
     3>Target "GenerateTargetFrameworkMonikerAttribute" in file "C:\Windows\Microsoft.NET\Framework\v4.0.30319\Microsoft.Common.targets" from project "F:\Slps\Github\samples\Sp.Samples.Consume\Sp.Samples.Consume.CustomerSync\Sp.Samples.Consume.CustomerSync.csproj" (target "BeforeCompile" depends on it):
       Skipping target "GenerateTargetFrameworkMonikerAttribute" because all output files are up-to-date with respect to the input files.
       Input files: C:\Windows\Microsoft.NET\Framework\v4.0.30319\Microsoft.Common.targets
       Output files: C:\Users\sconnell\AppData\Local\Temp\.NETFramework,Version=v4.0,Profile=Client.AssemblyAttributes.cs
     3>Done building target "GenerateTargetFrameworkMonikerAttribute" in project "Sp.Samples.Consume.CustomerSync.csproj".
       Target "GenerateAdditionalSources" skipped, due to false condition; ('@(AssemblyAttributes)' != '' and '$(GenerateAdditionalSources)' == 'true') was evaluated as ('' != '' and '' == 'true').
     3>Target "BeforeCompile" in file "C:\Windows\Microsoft.NET\Framework\v4.0.30319\Microsoft.Common.targets" from project "F:\Slps\Github\samples\Sp.Samples.Consume\Sp.Samples.Consume.CustomerSync\Sp.Samples.Consume.CustomerSync.csproj" (target "Compile" depends on it):
     3>Done building target "BeforeCompile" in project "Sp.Samples.Consume.CustomerSync.csproj".
       Target "_TimeStampBeforeCompile" skipped, due to false condition; ('$(RunPostBuildEvent)'=='OnOutputUpdated' or ('$(RegisterForComInterop)'=='true' and '$(OutputType)'=='library')) was evaluated as (''=='OnOutputUpdated' or (''=='true' and 'Exe'=='library')).
       Target "_ComputeNonExistentFileProperty" skipped, due to false condition; (('$(BuildingInsideVisualStudio)' == 'true') and ('$(BuildingOutOfProcess)' != 'true') and (('$(BuildingProject)' == 'false') or ('$(UseHostCompilerIfAvailable)' == 'true'))) was evaluated as (('' == 'true') and ('' != 'true') and (('true' == 'false') or ('true' == 'true'))).
     3>Target "PreXsdCodeGen" in file "C:\Windows\Microsoft.NET\Framework\v4.0.30319\Microsoft.ServiceModel.targets" from project "F:\Slps\Github\samples\Sp.Samples.Consume\Sp.Samples.Consume.CustomerSync\Sp.Samples.Consume.CustomerSync.csproj" (target "CoreCompile" depends on it):
       Using "CallTarget" task from assembly "Microsoft.Build.Tasks.v4.0, Version=4.0.0.0, Culture=neutral, PublicKeyToken=b03f5f7f11d50a3a".
       Task "CallTarget"
     3>Target "CleanXsdCodeGen" in file "C:\Windows\Microsoft.NET\Framework\v4.0.30319\Microsoft.ServiceModel.targets" from project "F:\Slps\Github\samples\Sp.Samples.Consume\Sp.Samples.Consume.CustomerSync\Sp.Samples.Consume.CustomerSync.csproj" (target "PreXsdCodeGen" depends on it):
       Using "Delete" task from assembly "Microsoft.Build.Tasks.v4.0, Version=4.0.0.0, Culture=neutral, PublicKeyToken=b03f5f7f11d50a3a".
       Task "Delete"
       Done executing task "Delete".
     3>Done building target "CleanXsdCodeGen" in project "Sp.Samples.Consume.CustomerSync.csproj".
       Done executing task "CallTarget".
     3>Done building target "PreXsdCodeGen" in project "Sp.Samples.Consume.CustomerSync.csproj".
       Target "XsdCodeGen" skipped, due to false condition; ( '$(XsdCodeGenPreCondition)' == 'True' ) was evaluated as ( 'False' == 'True' ).
     3>Target "CoreCompile" in file "C:\Windows\Microsoft.NET\Framework\v4.0.30319\Microsoft.CSharp.targets" from project "F:\Slps\Github\samples\Sp.Samples.Consume\Sp.Samples.Consume.CustomerSync\Sp.Samples.Consume.CustomerSync.csproj" (target "Compile" depends on it):
       Building target "CoreCompile" completely.
       Input file "ExternalIdBasedCustomerList.cs" is newer than output file "obj\Debug\Sp.Samples.Consume.CustomerSync.pdb".
       Using "Csc" task from assembly "Microsoft.Build.Tasks.v4.0, Version=4.0.0.0, Culture=neutral, PublicKeyToken=b03f5f7f11d50a3a".
       Task "Csc"
         C:\Windows\Microsoft.NET\Framework\v4.0.30319\Csc.exe /noconfig /nowarn:1701,1702 /nostdlib+ /platform:AnyCPU /errorreport:prompt /warn:4 /define:DEBUG;TRACE /highentropyva- /reference:F:\Slps\Github\samples\Sp.Samples.Consume\packages\HtmlAgilityPack.1.4.6\lib\Net40\HtmlAgilityPack.dll /reference:"C:\Program Files (x86)\Reference Assemblies\Microsoft\Framework\.NETFramework\v4.0\Profile\Client\mscorlib.dll" /reference:F:\Slps\Github\samples\Sp.Samples.Consume\packages\RestSharp.104.1\lib\net4\RestSharp.dll /reference:"C:\Program Files (x86)\Reference Assemblies\Microsoft\Framework\.NETFramework\v4.0\Profile\Client\System.Configuration.dll" /reference:"C:\Program Files (x86)\Reference Assemblies\Microsoft\Framework\.NETFramework\v4.0\Profile\Client\System.Core.dll" /reference:"C:\Program Files (x86)\Reference Assemblies\Microsoft\Framework\.NETFramework\v4.0\Profile\Client\System.dll" /reference:"C:\Program Files (x86)\Reference Assemblies\Microsoft\Framework\.NETFramework\v4.0\Profile\Client\System.Xml.dll" /debug+ /debug:full /filealign:512 /optimize- /out:obj\Debug\Sp.Samples.Consume.CustomerSync.exe /target:exe /utf8output ExternalIdBasedCustomerList.cs Program.cs Properties\AssemblyInfo.cs SpCustomerApi.cs Wrappers\RelativePathAwareCustomRestClient.cs Wrappers\RestResponseCookieExtensions.cs Wrappers\SpApi.cs Wrappers\SpApiConfiguration.cs Wrappers\UriHelper.cs Wrappers\WSFederationAuthenticator.cs "C:\Users\sconnell\AppData\Local\Temp\.NETFramework,Version=v4.0,Profile=Client.AssemblyAttributes.cs"
         Microsoft (R) Visual C# Compiler version 4.0.30319.17929
         
         for Microsoft (R) .NET Framework 4.5
         Copyright (C) Microsoft Corporation. All rights reserved.
         
       Done executing task "Csc".
       Task "CallTarget" skipped, due to false condition; ('$(TargetsTriggeredByCompilation)' != '') was evaluated as ('' != '').
     3>Done building target "CoreCompile" in project "Sp.Samples.Consume.CustomerSync.csproj".
       Target "_TimeStampAfterCompile" skipped, due to false condition; ('$(RunPostBuildEvent)'=='OnOutputUpdated' or ('$(RegisterForComInterop)'=='true' and '$(OutputType)'=='library')) was evaluated as (''=='OnOutputUpdated' or (''=='true' and 'Exe'=='library')).
     3>Target "AfterCompile" in file "C:\Windows\Microsoft.NET\Framework\v4.0.30319\Microsoft.Common.targets" from project "F:\Slps\Github\samples\Sp.Samples.Consume\Sp.Samples.Consume.CustomerSync\Sp.Samples.Consume.CustomerSync.csproj" (target "Compile" depends on it):
     3>Done building target "AfterCompile" in project "Sp.Samples.Consume.CustomerSync.csproj".
       Target "PrepareResourcesForSatelliteAssemblies" skipped, due to false condition; ('$(UICulture)' != '') was evaluated as ('' != '').
       Target "MergeLocalizationDirectives" skipped, due to false condition; ('@(GeneratedLocalizationFiles)' !='') was evaluated as ('' !='').
     3>Target "AfterCompileWinFX" in file "C:\Windows\Microsoft.NET\Framework\v4.0.30319\Microsoft.WinFX.targets" from project "F:\Slps\Github\samples\Sp.Samples.Consume\Sp.Samples.Consume.CustomerSync\Sp.Samples.Consume.CustomerSync.csproj" (target "_AfterCompileWinFXInternal" depends on it):
     3>Done building target "AfterCompileWinFX" in project "Sp.Samples.Consume.CustomerSync.csproj".
     3>Target "_AfterCompileWinFXInternal" in file "C:\Windows\Microsoft.NET\Framework\v4.0.30319\Microsoft.WinFX.targets" from project "F:\Slps\Github\samples\Sp.Samples.Consume\Sp.Samples.Consume.CustomerSync\Sp.Samples.Consume.CustomerSync.csproj" (target "Compile" depends on it):
     3>Done building target "_AfterCompileWinFXInternal" in project "Sp.Samples.Consume.CustomerSync.csproj".
     3>Target "Compile" in file "C:\Windows\Microsoft.NET\Framework\v4.0.30319\Microsoft.Common.targets" from project "F:\Slps\Github\samples\Sp.Samples.Consume\Sp.Samples.Consume.CustomerSync\Sp.Samples.Consume.CustomerSync.csproj" (target "CoreBuild" depends on it):
     3>Done building target "Compile" in project "Sp.Samples.Consume.CustomerSync.csproj".
       Target "ExportWindowsMDFile" skipped, due to false condition; ('$(ExportWinMDFile)' == 'true') was evaluated as ('' == 'true').
       Target "UnmanagedUnregistration" skipped, due to false condition; ((('$(_AssemblyTimestampBeforeCompile)' != '$(_AssemblyTimestampAfterCompile)' or '$(RegisterForComInterop)' != 'true' or '$(OutputType)' != 'library') or
                           ('$(_AssemblyTimestampBeforeCompile)' == '')) and
                          Exists('@(_UnmanagedRegistrationCache)')) was evaluated as ((('' != '' or '' != 'true' or 'Exe' != 'library') or
                           ('' == '')) and
                          Exists('obj\Sp.Samples.Consume.CustomerSync.csproj.UnmanagedRegistration.cache')).
       Target "GenerateSerializationAssemblies" skipped, due to false condition; ('$(_SGenGenerateSerializationAssembliesConfig)' == 'On' or ('@(WebReferenceUrl)'!='' and '$(_SGenGenerateSerializationAssembliesConfig)' == 'Auto')) was evaluated as ('Off' == 'On' or (''!='' and 'Off' == 'Auto')).
     3>Target "_GenerateSatelliteAssemblyInputs" in file "C:\Windows\Microsoft.NET\Framework\v4.0.30319\Microsoft.Common.targets" from project "F:\Slps\Github\samples\Sp.Samples.Consume\Sp.Samples.Consume.CustomerSync\Sp.Samples.Consume.CustomerSync.csproj" (target "CreateSatelliteAssemblies" depends on it):
       Task "Warning" skipped, due to false condition; ('@(ManifestResourceWithCulture)'!='' and '%(ManifestResourceWithCulture.EmittedForCompatibilityOnly)'=='') was evaluated as (''!='' and ''=='').
       Task "Warning" skipped, due to false condition; ('@(ManifestNonResxWithCultureOnDisk)'!='' and '%(ManifestNonResxWithCultureOnDisk.EmittedForCompatibilityOnly)'=='') was evaluated as (''!='' and ''=='').
     3>Done building target "_GenerateSatelliteAssemblyInputs" in project "Sp.Samples.Consume.CustomerSync.csproj".
       Target "ComputeIntermediateSatelliteAssemblies" skipped, due to false condition; (@(EmbeddedResource->'%(WithCulture)') != '') was evaluated as ( != '').
       Target "GenerateSatelliteAssemblies" skipped, due to false condition; ('@(_SatelliteAssemblyResourceInputs)' != '') was evaluated as ('' != '').
     3>Target "CreateSatelliteAssemblies" in file "C:\Windows\Microsoft.NET\Framework\v4.0.30319\Microsoft.Common.targets" from project "F:\Slps\Github\samples\Sp.Samples.Consume\Sp.Samples.Consume.CustomerSync\Sp.Samples.Consume.CustomerSync.csproj" (target "CoreBuild" depends on it):
     3>Done building target "CreateSatelliteAssemblies" in project "Sp.Samples.Consume.CustomerSync.csproj".
       Target "GenerateManifests" skipped, due to false condition; ('$(GenerateClickOnceManifests)'=='true' or '@(NativeReference)'!='' or '@(ResolvedIsolatedComModules)'!='' or '$(GenerateAppxManifest)' == 'true') was evaluated as (''=='true' or ''!='' or ''!='' or '' == 'true').
     3>Target "GetTargetPath" in file "C:\Windows\Microsoft.NET\Framework\v4.0.30319\Microsoft.Common.targets" from project "F:\Slps\Github\samples\Sp.Samples.Consume\Sp.Samples.Consume.CustomerSync\Sp.Samples.Consume.CustomerSync.csproj" (target "CoreBuild" depends on it):
     3>Done building target "GetTargetPath" in project "Sp.Samples.Consume.CustomerSync.csproj".
       Target "ComputeIntermediateSatelliteAssemblies" skipped, due to false condition; (@(EmbeddedResource->'%(WithCulture)') != '') was evaluated as ( != '').
     3>Target "_CopyFilesMarkedCopyLocal" in file "C:\Windows\Microsoft.NET\Framework\v4.0.30319\Microsoft.Common.targets" from project "F:\Slps\Github\samples\Sp.Samples.Consume\Sp.Samples.Consume.CustomerSync\Sp.Samples.Consume.CustomerSync.csproj" (target "CopyFilesToOutputDirectory" depends on it):
       Using "Copy" task from assembly "Microsoft.Build.Tasks.v4.0, Version=4.0.0.0, Culture=neutral, PublicKeyToken=b03f5f7f11d50a3a".
       Task "Copy"
         Did not copy from file "F:\Slps\Github\samples\Sp.Samples.Consume\packages\HtmlAgilityPack.1.4.6\lib\Net40\HtmlAgilityPack.dll" to file "bin\Debug\HtmlAgilityPack.dll" because the "SkipUnchangedFiles" parameter was set to "true" in the project and the files' sizes and timestamps match.
         Did not copy from file "F:\Slps\Github\samples\Sp.Samples.Consume\packages\RestSharp.104.1\lib\net4\RestSharp.dll" to file "bin\Debug\RestSharp.dll" because the "SkipUnchangedFiles" parameter was set to "true" in the project and the files' sizes and timestamps match.
         Did not copy from file "F:\Slps\Github\samples\Sp.Samples.Consume\packages\HtmlAgilityPack.1.4.6\lib\Net40\HtmlAgilityPack.pdb" to file "bin\Debug\HtmlAgilityPack.pdb" because the "SkipUnchangedFiles" parameter was set to "true" in the project and the files' sizes and timestamps match.
         Did not copy from file "F:\Slps\Github\samples\Sp.Samples.Consume\packages\HtmlAgilityPack.1.4.6\lib\Net40\HtmlAgilityPack.xml" to file "bin\Debug\HtmlAgilityPack.xml" because the "SkipUnchangedFiles" parameter was set to "true" in the project and the files' sizes and timestamps match.
         Did not copy from file "F:\Slps\Github\samples\Sp.Samples.Consume\packages\RestSharp.104.1\lib\net4\RestSharp.xml" to file "bin\Debug\RestSharp.xml" because the "SkipUnchangedFiles" parameter was set to "true" in the project and the files' sizes and timestamps match.
       Done executing task "Copy".
     3>Done building target "_CopyFilesMarkedCopyLocal" in project "Sp.Samples.Consume.CustomerSync.csproj".
       Target "AssignTargetPaths" skipped. Previously built successfully.
       Target "_SplitProjectReferencesByFileExistence" skipped. Previously built successfully.
     3>Target "GetCopyToOutputDirectoryXamlAppDefs" in file "C:\Windows\Microsoft.NET\Framework\v4.0.30319\Microsoft.Xaml.targets" from project "F:\Slps\Github\samples\Sp.Samples.Consume\Sp.Samples.Consume.CustomerSync\Sp.Samples.Consume.CustomerSync.csproj" (target "GetCopyToOutputDirectoryItems" depends on it):
       Task "AssignTargetPath"
       Done executing task "AssignTargetPath".
     3>Done building target "GetCopyToOutputDirectoryXamlAppDefs" in project "Sp.Samples.Consume.CustomerSync.csproj".
     3>Target "GetCopyToOutputDirectoryItems" in file "C:\Windows\Microsoft.NET\Framework\v4.0.30319\Microsoft.Common.targets" from project "F:\Slps\Github\samples\Sp.Samples.Consume\Sp.Samples.Consume.CustomerSync\Sp.Samples.Consume.CustomerSync.csproj" (target "_CopySourceItemsToOutputDirectory" depends on it):
       Task "MSBuild" skipped, due to false condition; ('@(_MSBuildProjectReferenceExistent)' != '' and '$(_GetChildProjectCopyToOutputDirectoryItems)' == 'true' and '%(_MSBuildProjectReferenceExistent.Private)' != 'false' and '$(UseCommonOutputDirectory)' != 'true') was evaluated as ('' != '' and 'true' == 'true' and '' != 'false' and 'false' != 'true').
       Task "AssignTargetPath"
       Done executing task "AssignTargetPath".
     3>Done building target "GetCopyToOutputDirectoryItems" in project "Sp.Samples.Consume.CustomerSync.csproj".
       Target "_CopyOutOfDateSourceItemsToOutputDirectory" skipped, due to false condition; ( '@(_SourceItemsToCopyToOutputDirectory)' != '' ) was evaluated as ( '' != '' ).
       Target "_CopyOutOfDateSourceItemsToOutputDirectoryAlways" skipped, due to false condition; ( '@(_SourceItemsToCopyToOutputDirectoryAlways)' != '' ) was evaluated as ( '' != '' ).
     3>Target "_CopySourceItemsToOutputDirectory" in file "C:\Windows\Microsoft.NET\Framework\v4.0.30319\Microsoft.Common.targets" from project "F:\Slps\Github\samples\Sp.Samples.Consume\Sp.Samples.Consume.CustomerSync\Sp.Samples.Consume.CustomerSync.csproj" (target "CopyFilesToOutputDirectory" depends on it):
     3>Done building target "_CopySourceItemsToOutputDirectory" in project "Sp.Samples.Consume.CustomerSync.csproj".
     3>Target "_CopyAppConfigFile" in file "C:\Windows\Microsoft.NET\Framework\v4.0.30319\Microsoft.Common.targets" from project "F:\Slps\Github\samples\Sp.Samples.Consume\Sp.Samples.Consume.CustomerSync\Sp.Samples.Consume.CustomerSync.csproj" (target "CopyFilesToOutputDirectory" depends on it):
       Skipping target "_CopyAppConfigFile" because all output files are up-to-date with respect to the input files.
       Input files: App.config
       Output files: bin\Debug\Sp.Samples.Consume.CustomerSync.exe.config
     3>Done building target "_CopyAppConfigFile" in project "Sp.Samples.Consume.CustomerSync.csproj".
       Target "_CopyManifestFiles" skipped, due to false condition; ( '$(_DeploymentCopyApplicationManifest)'=='true' or '$(GenerateClickOnceManifests)'=='true' ) was evaluated as ( ''=='true' or ''=='true' ).
     3>Target "_CheckForCompileOutputs" in file "C:\Windows\Microsoft.NET\Framework\v4.0.30319\Microsoft.Common.targets" from project "F:\Slps\Github\samples\Sp.Samples.Consume\Sp.Samples.Consume.CustomerSync\Sp.Samples.Consume.CustomerSync.csproj" (target "CopyFilesToOutputDirectory" depends on it):
     3>Done building target "_CheckForCompileOutputs" in project "Sp.Samples.Consume.CustomerSync.csproj".
       Target "_SGenCheckForOutputs" skipped, due to false condition; ('$(_SGenGenerateSerializationAssembliesConfig)' == 'On' or ('@(WebReferenceUrl)'!='' and '$(_SGenGenerateSerializationAssembliesConfig)' == 'Auto')) was evaluated as ('Off' == 'On' or (''!='' and 'Off' == 'Auto')).
     3>Target "CopyFilesToOutputDirectory" in file "C:\Windows\Microsoft.NET\Framework\v4.0.30319\Microsoft.Common.targets" from project "F:\Slps\Github\samples\Sp.Samples.Consume\Sp.Samples.Consume.CustomerSync\Sp.Samples.Consume.CustomerSync.csproj" (target "PrepareForRun" depends on it):
       Task "Copy"
         Copying file from "obj\Debug\Sp.Samples.Consume.CustomerSync.exe" to "bin\Debug\Sp.Samples.Consume.CustomerSync.exe".
       Done executing task "Copy".
       Task "Message"
         Sp.Samples.Consume.CustomerSync -> F:\Slps\Github\samples\Sp.Samples.Consume\Sp.Samples.Consume.CustomerSync\bin\Debug\Sp.Samples.Consume.CustomerSync.exe
       Done executing task "Message".
       Task "Copy" skipped, due to false condition; ('@(AddModules)' != '') was evaluated as ('' != '').
       Task "Copy" skipped, due to false condition; ('$(_SGenDllCreated)'=='true') was evaluated as ('false'=='true').
       Task "Copy"
         Copying file from "obj\Debug\Sp.Samples.Consume.CustomerSync.pdb" to "bin\Debug\Sp.Samples.Consume.CustomerSync.pdb".
       Done executing task "Copy".
       Task "Copy" skipped, due to false condition; ('$(_DocumentationFileProduced)'=='true') was evaluated as ('false'=='true').
       Task "Copy" skipped, due to false condition; ('@(IntermediateSatelliteAssembliesWithTargetPath)' != '') was evaluated as ('' != '').
       Task "Copy" skipped, due to false condition; ('@(ReferenceComWrappersToCopyLocal)' != '' or '@(ResolvedIsolatedComModules)' != '' or '@(_DeploymentLooseManifestFile)' != '' or '@(NativeReferenceFile)' != '' ) was evaluated as ('' != '' or '' != '' or '' != '' or '' != '' ).
       Task "Copy" skipped, due to false condition; ('$(SkipCopyWinMDArtifact)' != 'true' and '@(WinMDExpArtifacts)' != '') was evaluated as ('' != 'true' and '' != '').
       Task "Message" skipped, due to false condition; ('$(SkipCopyWinMDArtifact)' != 'true' and '$(_WindowsMetadataOutputPath)' != '') was evaluated as ('' != 'true' and '' != '').
     3>Done building target "CopyFilesToOutputDirectory" in project "Sp.Samples.Consume.CustomerSync.csproj".
       Target "RunCodeAnalysis" skipped, due to false condition; ('$(RunCodeAnalysisOnThisProject)'=='true') was evaluated as (''=='true').
     3>Target "PrepareForRun" in file "C:\Windows\Microsoft.NET\Framework\v4.0.30319\Microsoft.Common.targets" from project "F:\Slps\Github\samples\Sp.Samples.Consume\Sp.Samples.Consume.CustomerSync\Sp.Samples.Consume.CustomerSync.csproj" (target "CoreBuild" depends on it):
     3>Done building target "PrepareForRun" in project "Sp.Samples.Consume.CustomerSync.csproj".
       Target "UnmanagedRegistration" skipped, due to false condition; ('$(RegisterForComInterop)'=='true' and '$(OutputType)'=='library') was evaluated as (''=='true' and 'Exe'=='library').
       Target "_CheckForCompileOutputs" skipped. Previously built successfully.
       Target "_SGenCheckForOutputs" skipped, due to false condition; ('$(_SGenGenerateSerializationAssembliesConfig)' == 'On' or ('@(WebReferenceUrl)'!='' and '$(_SGenGenerateSerializationAssembliesConfig)' == 'Auto')) was evaluated as ('Off' == 'On' or (''!='' and 'Off' == 'Auto')).
     3>Target "_CleanGetCurrentAndPriorFileWrites" in file "C:\Windows\Microsoft.NET\Framework\v4.0.30319\Microsoft.Common.targets" from project "F:\Slps\Github\samples\Sp.Samples.Consume\Sp.Samples.Consume.CustomerSync\Sp.Samples.Consume.CustomerSync.csproj" (target "IncrementalClean" depends on it):
       Using "ReadLinesFromFile" task from assembly "Microsoft.Build.Tasks.v4.0, Version=4.0.0.0, Culture=neutral, PublicKeyToken=b03f5f7f11d50a3a".
       Task "ReadLinesFromFile"
       Done executing task "ReadLinesFromFile".
       Using "ConvertToAbsolutePath" task from assembly "Microsoft.Build.Tasks.v4.0, Version=4.0.0.0, Culture=neutral, PublicKeyToken=b03f5f7f11d50a3a".
       Task "ConvertToAbsolutePath"
       Done executing task "ConvertToAbsolutePath".
       Using "FindUnderPath" task from assembly "Microsoft.Build.Tasks.v4.0, Version=4.0.0.0, Culture=neutral, PublicKeyToken=b03f5f7f11d50a3a".
       Task "FindUnderPath"
         Comparison path is "F:\Slps\Github\samples\Sp.Samples.Consume\Sp.Samples.Consume.CustomerSync".
       Done executing task "FindUnderPath".
       Task "FindUnderPath"
         Comparison path is "bin\Debug\".
       Done executing task "FindUnderPath".
       Task "FindUnderPath"
         Comparison path is "obj\Debug\".
       Done executing task "FindUnderPath".
       Using "RemoveDuplicates" task from assembly "Microsoft.Build.Tasks.v4.0, Version=4.0.0.0, Culture=neutral, PublicKeyToken=b03f5f7f11d50a3a".
       Task "RemoveDuplicates"
       Done executing task "RemoveDuplicates".
     3>Done building target "_CleanGetCurrentAndPriorFileWrites" in project "Sp.Samples.Consume.CustomerSync.csproj".
     3>Target "IncrementalClean" in file "C:\Windows\Microsoft.NET\Framework\v4.0.30319\Microsoft.Common.targets" from project "F:\Slps\Github\samples\Sp.Samples.Consume\Sp.Samples.Consume.CustomerSync\Sp.Samples.Consume.CustomerSync.csproj" (target "CoreBuild" depends on it):
       Task "FindUnderPath"
         Comparison path is "bin\Debug\".
       Done executing task "FindUnderPath".
       Task "FindUnderPath"
         Comparison path is "obj\Debug\".
       Done executing task "FindUnderPath".
       Task "Delete"
       Done executing task "Delete".
       Task "RemoveDuplicates"
       Done executing task "RemoveDuplicates".
       Task "WriteLinesToFile" skipped, due to false condition; ('@(_CleanUnfilteredPriorFileWrites)'!='@(_CleanUniqueRemainingFileWritesAfterIncrementalClean)') was evaluated as ('F:\Slps\Github\samples\Sp.Samples.Consume\Sp.Samples.Consume.CustomerSync\bin\Debug\Sp.Samples.Consume.CustomerSync.exe;F:\Slps\Github\samples\Sp.Samples.Consume\Sp.Samples.Consume.CustomerSync\bin\Debug\Sp.Samples.Consume.CustomerSync.pdb;F:\Slps\Github\samples\Sp.Samples.Consume\Sp.Samples.Consume.CustomerSync\bin\Debug\HtmlAgilityPack.dll;F:\Slps\Github\samples\Sp.Samples.Consume\Sp.Samples.Consume.CustomerSync\bin\Debug\RestSharp.dll;F:\Slps\Github\samples\Sp.Samples.Consume\Sp.Samples.Consume.CustomerSync\bin\Debug\HtmlAgilityPack.pdb;F:\Slps\Github\samples\Sp.Samples.Consume\Sp.Samples.Consume.CustomerSync\bin\Debug\HtmlAgilityPack.xml;F:\Slps\Github\samples\Sp.Samples.Consume\Sp.Samples.Consume.CustomerSync\bin\Debug\RestSharp.xml;F:\Slps\Github\samples\Sp.Samples.Consume\Sp.Samples.Consume.CustomerSync\obj\Debug\Sp.Samples.Consume.CustomerSync.csprojResolveAssemblyReference.cache;F:\Slps\Github\samples\Sp.Samples.Consume\Sp.Samples.Consume.CustomerSync\obj\Debug\Sp.Samples.Consume.CustomerSync.exe;F:\Slps\Github\samples\Sp.Samples.Consume\Sp.Samples.Consume.CustomerSync\obj\Debug\Sp.Samples.Consume.CustomerSync.pdb;F:\Slps\Github\samples\Sp.Samples.Consume\Sp.Samples.Consume.CustomerSync\bin\Debug\Sp.Samples.Consume.CustomerSync.exe.config'!='F:\Slps\Github\samples\Sp.Samples.Consume\Sp.Samples.Consume.CustomerSync\bin\Debug\Sp.Samples.Consume.CustomerSync.exe;F:\Slps\Github\samples\Sp.Samples.Consume\Sp.Samples.Consume.CustomerSync\bin\Debug\Sp.Samples.Consume.CustomerSync.pdb;F:\Slps\Github\samples\Sp.Samples.Consume\Sp.Samples.Consume.CustomerSync\bin\Debug\HtmlAgilityPack.dll;F:\Slps\Github\samples\Sp.Samples.Consume\Sp.Samples.Consume.CustomerSync\bin\Debug\RestSharp.dll;F:\Slps\Github\samples\Sp.Samples.Consume\Sp.Samples.Consume.CustomerSync\bin\Debug\HtmlAgilityPack.pdb;F:\Slps\Github\samples\Sp.Samples.Consume\Sp.Samples.Consume.CustomerSync\bin\Debug\HtmlAgilityPack.xml;F:\Slps\Github\samples\Sp.Samples.Consume\Sp.Samples.Consume.CustomerSync\bin\Debug\RestSharp.xml;F:\Slps\Github\samples\Sp.Samples.Consume\Sp.Samples.Consume.CustomerSync\obj\Debug\Sp.Samples.Consume.CustomerSync.csprojResolveAssemblyReference.cache;F:\Slps\Github\samples\Sp.Samples.Consume\Sp.Samples.Consume.CustomerSync\obj\Debug\Sp.Samples.Consume.CustomerSync.exe;F:\Slps\Github\samples\Sp.Samples.Consume\Sp.Samples.Consume.CustomerSync\obj\Debug\Sp.Samples.Consume.CustomerSync.pdb;F:\Slps\Github\samples\Sp.Samples.Consume\Sp.Samples.Consume.CustomerSync\bin\Debug\Sp.Samples.Consume.CustomerSync.exe.config').
     3>Done building target "IncrementalClean" in project "Sp.Samples.Consume.CustomerSync.csproj".
       Target "PostBuildEvent" skipped, due to false condition; ('$(PostBuildEvent)' != '' and ('$(RunPostBuildEvent)' != 'OnOutputUpdated' or '$(_AssemblyTimestampBeforeCompile)' != '$(_AssemblyTimestampAfterCompile)')) was evaluated as ('' != '' and ('' != 'OnOutputUpdated' or '' != '')).
     3>Target "CoreBuild" in file "C:\Windows\Microsoft.NET\Framework\v4.0.30319\Microsoft.Common.targets" from project "F:\Slps\Github\samples\Sp.Samples.Consume\Sp.Samples.Consume.CustomerSync\Sp.Samples.Consume.CustomerSync.csproj" (target "Build" depends on it):
     3>Done building target "CoreBuild" in project "Sp.Samples.Consume.CustomerSync.csproj".
     3>Target "AfterBuild" in file "C:\Windows\Microsoft.NET\Framework\v4.0.30319\Microsoft.Common.targets" from project "F:\Slps\Github\samples\Sp.Samples.Consume\Sp.Samples.Consume.CustomerSync\Sp.Samples.Consume.CustomerSync.csproj" (target "Build" depends on it):
     3>Done building target "AfterBuild" in project "Sp.Samples.Consume.CustomerSync.csproj".
     3>Target "Build" in file "C:\Windows\Microsoft.NET\Framework\v4.0.30319\Microsoft.Common.targets" from project "F:\Slps\Github\samples\Sp.Samples.Consume\Sp.Samples.Consume.CustomerSync\Sp.Samples.Consume.CustomerSync.csproj" (entry point):
     3>Done building target "Build" in project "Sp.Samples.Consume.CustomerSync.csproj".
     3>Done Building Project "F:\Slps\Github\samples\Sp.Samples.Consume\Sp.Samples.Consume.CustomerSync\Sp.Samples.Consume.CustomerSync.csproj" (default targets).
     2>Done executing task "MSBuild".
     2>Done building target "Build" in project "Sp.Samples.Consume.sln".
     2>Done Building Project "F:\Slps\Github\samples\Sp.Samples.Consume\Sp.Samples.Consume.sln" (Build target(s)).
     1>Done executing task "MSBuild".
     1>Done building target "Build" in project "build.proj".
     1>Done Building Project "F:\Slps\Github\samples\Sp.Samples.Consume\build.proj" (Build target(s)).

Build succeeded.
    0 Warning(s)
    0 Error(s)

Time Elapsed 00:00:01.17
